"../../../Engine/Content/Animation/DefaultAnimBoneCompressionSettings.uasset" 0
"../../../Engine/Content/Animation/DefaultAnimCurveCompressionSettings.uasset" 1
"../../../Engine/Content/Functions/Engine_MaterialFunctions01/Opacity/CameraDepthFade.uasset" 2
"../../../Engine/Content/EngineMaterials/T_Default_Material_Grid_M.uasset" 3
"../../../Engine/Content/EngineMaterials/T_Default_Material_Grid_N.uasset" 4
"../../../Engine/Content/EngineMaterials/WorldGridMaterial.uasset" 5
"../../../Engine/Content/ArtTools/RenderToTexture/Meshes/S_1_Unit_Plane.uasset" 6
"../../../Engine/Content/EngineMaterials/DefaultMaterial.uasset" 7
"../../../Engine/Content/BasicShapes/Cone.uasset" 8
"../../../Engine/Content/BasicShapes/Cube.uasset" 9
"../../../Engine/Content/BasicShapes/Plane.uasset" 10
"../../../Engine/Content/EditorLandscapeResources/DataLayer.uasset" 11
"../../../Engine/Content/EditorLandscapeResources/DefaultAlphaTexture.uasset" 12
"../../../Engine/Content/EditorMaterials/MAT_Groups_Toggle.uasset" 13
"../../../Engine/Content/EditorMaterials/MAT_Groups_Visibility.uasset" 14
"../../../Engine/Content/EditorMaterials/PreviewShadowIndicator.uasset" 15
"../../../Engine/Content/EditorMaterials/PreviewShadowIndicatorMaterial.uasset" 16
"../../../Engine/Content/EditorMaterials/AssetViewer/EpicQuadPanorama_CC+EV1.uasset" 17
"../../../Engine/Content/EditorMaterials/MatineeGroups/MAT_ColorTrack.uasset" 18
"../../../Engine/Content/EditorMaterials/MatineeGroups/MAT_Groups_Anim.uasset" 19
"../../../Engine/Content/EditorMaterials/MatineeGroups/MAT_Groups_AudioMaster.uasset" 20
"../../../Engine/Content/EditorMaterials/MatineeGroups/MAT_Groups_Director.uasset" 21
"../../../Engine/Content/EditorMaterials/MatineeGroups/MAT_Groups_Event.uasset" 22
"../../../Engine/Content/EditorMaterials/MatineeGroups/MAT_Groups_Fade.uasset" 23
"../../../Engine/Content/EditorMaterials/MatineeGroups/MAT_Groups_Float.uasset" 24
"../../../Engine/Content/EditorMaterials/MatineeGroups/MAT_Groups_Move.uasset" 25
"../../../Engine/Content/EditorMaterials/MatineeGroups/MAT_Groups_Slomo.uasset" 26
"../../../Engine/Content/EditorMaterials/MatineeGroups/MAT_Groups_Sound.uasset" 27
"../../../Engine/Content/EditorMaterials/MatineeGroups/MAT_Groups_Vector.uasset" 28
"../../../Engine/Content/EditorMaterials/ParticleSystems/PSysThumbnail_NoImage.uasset" 29
"../../../Engine/Content/EditorMaterials/ParticleSystems/PSysThumbnail_OOD.uasset" 30
"../../../Engine/Content/EditorMaterials/Camera/CineMat.uasset" 31
"../../../Engine/Content/EditorMaterials/Camera/MI_CineMat_Rig.uasset" 32
"../../../Engine/Content/EditorMeshes/Camera/SM_CraneRig_Arm.uasset" 33
"../../../Engine/Content/EditorMeshes/Camera/SM_CraneRig_Base.uasset" 34
"../../../Engine/Content/EditorMeshes/Camera/SM_CraneRig_Body.uasset" 35
"../../../Engine/Content/EditorMeshes/Camera/SM_CraneRig_Mount.uasset" 36
"../../../Engine/Content/EditorMeshes/Camera/SM_RailRig_Mount.uasset" 37
"../../../Engine/Content/EditorMeshes/Camera/SM_RailRig_Track.uasset" 38
"../../../Engine/Content/EditorResources/BSPVertex.uasset" 39
"../../../Engine/Content/EditorResources/EmptyActor.uasset" 40
"../../../Engine/Content/EditorResources/S_Actor.uasset" 41
"../../../Engine/Content/EditorResources/S_Note.uasset" 42
"../../../Engine/Content/EditorResources/S_Solver.uasset" 43
"../../../Engine/Content/EditorResources/S_Terrain.uasset" 44
"../../../Engine/Content/EditorResources/S_Trigger.uasset" 45
"../../../Engine/Content/EditorResources/AudioIcons/S_AudioComponent_AutoActivate.uasset" 46
"../../../Engine/Content/EditorResources/SequenceRecorder/Countdown.uasset" 47
"../../../Engine/Content/EditorResources/SequenceRecorder/RecordingIndicator.uasset" 48
"../../../Engine/Content/EditorSounds/Notifications/CompileFailed.uasset" 49
"../../../Engine/Content/EditorSounds/Notifications/CompileFailed_Cue.uasset" 50
"../../../Engine/Content/EditorSounds/Notifications/CompileSuccess.uasset" 51
"../../../Engine/Content/EditorSounds/Notifications/CompileStart_Cue.uasset" 52
"../../../Engine/Content/EditorSounds/Notifications/CompileSuccess_Cue.uasset" 53
"../../../Engine/Content/EngineDamageTypes/DmgTypeBP_Environmental.uasset" 54
"../../../Engine/Content/EngineDebugMaterials/DebugEditorMaterial.uasset" 55
"../../../Engine/Content/EngineDebugMaterials/DebugMeshMaterial.uasset" 56
"../../../Engine/Content/EngineDebugMaterials/M_SimpleUnlitTranslucent.uasset" 57
"../../../Engine/Content/Functions/Engine_MaterialFunctions02/Utility/CameraDirectionVector.uasset" 58
"../../../Engine/Content/EngineDebugMaterials/VolumeToRender.uasset" 59
"../../../Engine/Content/EngineDebugMaterials/M_VolumeRenderSphereTracePP.uasset" 60
"../../../Engine/Content/EngineDebugMaterials/WireframeMaterial.uasset" 61
"../../../Engine/Content/EngineFonts/Faces/DroidSansFallback.uasset" 62
"../../../Engine/Content/EngineFonts/Faces/RobotoBold.uasset" 63
"../../../Engine/Content/EngineFonts/Faces/RobotoBoldItalic.uasset" 64
"../../../Engine/Content/EngineFonts/Faces/RobotoItalic.uasset" 65
"../../../Engine/Content/EngineFonts/Faces/RobotoLight.uasset" 66
"../../../Engine/Content/EngineFonts/Faces/RobotoRegular.uasset" 67
"../../../Engine/Content/EngineFonts/Roboto.uasset" 68
"../../../Engine/Content/EngineMaterials/BaseFlattenDiffuseMap.uasset" 69
"../../../Engine/Content/EngineMaterials/BaseFlattenEmissiveMap.uasset" 70
"../../../Engine/Content/EngineMaterials/BaseFlattenGrayscaleMap.uasset" 71
"../../../Engine/Content/EngineMaterials/BaseFlattenNormalMap.uasset" 72
"../../../Engine/Content/EngineMaterials/BaseFlattenMaterial.uasset" 73
"../../../Engine/Content/EngineMaterials/BlueNoise.uasset" 74
"../../../Engine/Content/EngineMaterials/DefaultBloomKernel.uasset" 75
"../../../Engine/Content/EngineMaterials/DefaultBokeh.uasset" 76
"../../../Engine/Content/EngineMaterials/DefaultDiffuse.uasset" 77
"../../../Engine/Content/EngineMaterials/DefaultDeferredDecalMaterial.uasset" 78
"../../../Engine/Content/EngineMaterials/DefaultLightFunctionMaterial.uasset" 79
"../../../Engine/Content/EngineMaterials/DefaultPhysicalMaterial.uasset" 80
"../../../Engine/Content/Functions/Engine_MaterialFunctions02/Utility/BreakOutFloat2Components.uasset" 81
"../../../Engine/Content/EngineMaterials/DefaultPostProcessMaterial.uasset" 82
"../../../Engine/Content/EngineFonts/RobotoDistanceField.uasset" 83
"../../../Engine/Content/EngineMaterials/DefaultTextMaterialOpaque.uasset" 84
"../../../Engine/Content/EngineMaterials/DefaultWhiteGrid.uasset" 85
"../../../Engine/Content/EngineMaterials/DefaultWhiteGrid_Low.uasset" 86
"../../../Engine/Content/EngineMaterials/EmissiveMeshMaterial.uasset" 87
"../../../Engine/Content/EngineMaterials/GizmoMaterial.uasset" 88
"../../../Engine/Content/EngineMaterials/MiniFont.uasset" 89
"../../../Engine/Content/EngineMaterials/InvalidLightmapSettings.uasset" 90
"../../../Engine/Content/EngineMaterials/M_InvalidLightmapSettings.uasset" 91
"../../../Engine/Content/Functions/Engine_MaterialFunctions02/WorldPositionOffset/CameraOffset.uasset" 92
"../../../Engine/Content/EngineMaterials/PhAT_JointLimitMaterial.uasset" 93
"../../../Engine/Content/EngineMaterials/PreintegratedSkinBRDF.uasset" 94
"../../../Engine/Content/EngineMaterials/RemoveSurfaceMaterial.uasset" 95
"../../../Engine/Content/EngineMaterials/WeightMapPlaceholderTexture.uasset" 96
"../../../Engine/Content/EngineResources/WhiteSquareTexture.uasset" 97
"../../../Engine/Content/EngineMaterials/Widget3DPassThrough.uasset" 98
"../../../Engine/Content/EngineMaterials/Widget3DPassThrough_Masked.uasset" 99
"../../../Engine/Content/EngineMaterials/Widget3DPassThrough_Opaque.uasset" 100
"../../../Engine/Content/EngineMaterials/Widget3DPassThrough_Masked_OneSided.uasset" 101
"../../../Engine/Content/EngineMaterials/Widget3DPassThrough_Opaque_OneSided.uasset" 102
"../../../Engine/Content/EngineMaterials/Widget3DPassThrough_Translucent.uasset" 103
"../../../Engine/Content/EngineMaterials/Widget3DPassThrough_Translucent_OneSided.uasset" 104
"../../../Engine/Content/EngineMeshes/Cylinder.uasset" 105
"../../../Engine/Content/EngineMeshes/Sphere.uasset" 106
"../../../Engine/Content/EngineResources/DefaultVolumeTexture2D.uasset" 107
"../../../Engine/Content/EngineResources/DefaultVolumeTexture.uasset" 108
"../../../Engine/Content/EngineResources/GradientTexture0.uasset" 109
"../../../Engine/Content/EngineSounds/Master.uasset" 110
"../../../Engine/Content/Functions/Engine_MaterialFunctions01/Shading/ConvertFromDiffSpec.uasset" 111
"../../../Engine/Content/Functions/Engine_MaterialFunctions01/Shading/PowerToRoughness.uasset" 112
"../../../Engine/Content/Maps/Templates/Thumbnails/Default.uasset" 113
"../../../Engine/Content/Maps/Templates/Thumbnails/TimeOfDay.uasset" 114
"../../../Engine/Content/Maps/Templates/Thumbnails/VR-Basic.uasset" 115
"../../../Engine/Content/MobileResources/T_MobileControls_texture.uasset" 116
"../../../Engine/Content/MobileResources/T_MobileMenu2.uasset" 117
"../../../Engine/Content/MobileResources/HUD/AnalogHat.uasset" 118
"../../../Engine/Content/MobileResources/HUD/VirtualJoystick_Background.uasset" 119
"../../../Engine/Content/MobileResources/HUD/VirtualJoystick_Thumb.uasset" 120
"../../../Engine/Content/MobileResources/HUD/DefaultVirtualJoysticks.uasset" 121
"../../../Engine/Content/MobileResources/HUD/LeftVirtualJoystickOnly.uasset" 122
"../../../Engine/Content/MobileResources/HUD/MobileHUDButton1_off.uasset" 123
"../../../Engine/Content/MobileResources/HUD/MobileHUDButton1_on.uasset" 124
"../../../Engine/Content/MobileResources/HUD/MobileHUDButton2_off.uasset" 125
"../../../Engine/Content/MobileResources/HUD/MobileHUDButton2_on.uasset" 126
"../../../Engine/Content/MobileResources/HUD/MobileHUDButton3.uasset" 127
"../../../Engine/Content/MobileResources/HUD/MobileHUDButtonFire.uasset" 128
"../../../Engine/Content/MobileResources/HUD/MobileHUDDirectionPad.uasset" 129
"../../../Engine/Content/MobileResources/HUD/MobileHUDDirectionPad2.uasset" 130
"../../../Engine/Content/MobileResources/HUD/MobileHUDDirectionPad3.uasset" 131
"../../../Engine/Content/MobileResources/HUD/MobileHUDDirectionStick.uasset" 132
"../../../Engine/Content/MobileResources/HUD/T_Castle_ThumbstickInner.uasset" 133
"../../../Engine/Content/MobileResources/HUD/T_Castle_ThumbstickOutter.uasset" 134
"../../../Engine/Content/Tutorial/ContentIntroCurve.uasset" 135
"../../../Engine/Content/Tutorial/Basics/LevelEditorAttract.uasset" 136
"../../../Engine/Content/VREditor/LaserPointer/VR_LaserPower_01.uasset" 137
"../../../Engine/Content/VREditor/TransformGizmo/TransformGizmoMaterial.uasset" 138
"../../../Engine/Content/VREditor/TransformGizmo/TranslucentTransformGizmoMaterial.uasset" 139
"../../../Engine/Content/VREditor/TransformGizmo/BoundingBoxCorner.uasset" 140
"../../../Engine/Content/VREditor/TransformGizmo/BoundingBoxEdge.uasset" 141
"../../../Engine/Content/VREditor/TransformGizmo/PlaneTranslationHandle.uasset" 142
"../../../Engine/Content/VREditor/TransformGizmo/Main.uasset" 143
"../../../Engine/Content/VREditor/TransformGizmo/Xray.uasset" 144
"../../../Engine/Content/VREditor/TransformGizmo/SM_Sequencer_Key.uasset" 145
"../../../Engine/Content/VREditor/TransformGizmo/SM_Sequencer_Node.uasset" 146
"../../Plugins/2D/Paper2D/Content/PlaceholderTextures/DummySpriteTexture.uasset" 147
"../../Plugins/2D/Paper2D/Content/DummySprite.uasset" 148
"../../Plugins/2D/Paper2D/Content/DefaultPaperTerrainMaterial.uasset" 149
"../../Plugins/2D/Paper2D/Content/DefaultSpriteMaterial.uasset" 150
"../../Plugins/2D/Paper2D/Content/MaskedUnlitSpriteMaterial.uasset" 151
"../../Plugins/2D/Paper2D/Content/OpaqueUnlitSpriteMaterial.uasset" 152
"../../../Engine/Content/Functions/Engine_MaterialFunctions02/Texturing/CustomRotator.uasset" 153
"../../Plugins/Enterprise/DatasmithContent/Content/Materials/C4DMasterUV.uasset" 154
"../../Plugins/Enterprise/DatasmithContent/Content/Materials/TileMirrorAxis.uasset" 155
"../../Plugins/Enterprise/DatasmithContent/Content/Materials/UVEdit.uasset" 156
"../../../Engine/Content/Functions/Engine_MaterialFunctions01/Texturing/FlattenNormal.uasset" 157
"../../../Engine/Content/Functions/Engine_MaterialFunctions02/HueShift.uasset" 158
"../../../Engine/Content/ArtTools/RenderToTexture/Textures/127grey.uasset" 159
"../../../Engine/Content/EditorLandscapeResources/WhiteSquareTexture.uasset" 160
"../../../Engine/Content/EngineMaterials/T_Default_Normal.uasset" 161
"../../../Engine/Content/EngineResources/Black.uasset" 162
"../../Plugins/Enterprise/DatasmithContent/Content/Materials/C4DMaster.uasset" 163
"../../../Engine/Content/EngineMaterials/FlatNormal.uasset" 164
"../../Plugins/Enterprise/DatasmithContent/Content/Materials/CE_BaseMaster.uasset" 165
"../../Plugins/Enterprise/DatasmithContent/Content/Materials/CE_OpacityMaster.uasset" 166
"../../Plugins/Enterprise/DatasmithContent/Content/Materials/CE_OpacitySimpleMaster.uasset" 167
"../../Plugins/Enterprise/DatasmithContent/Content/Materials/CE_OpaqueMaster.uasset" 168
"../../../Engine/Content/Functions/Engine_MaterialFunctions03/Procedurals/NormalFromHeightmap.uasset" 169
"../../Plugins/Enterprise/DatasmithContent/Content/Materials/RevitMaster.uasset" 170
"../../Plugins/Enterprise/DatasmithContent/Content/Materials/SketchUpMaster.uasset" 171
"../../Plugins/FX/Niagara/Content/Enums/ENiagaraBooleanLogicOps.uasset" 172
"../../Plugins/FX/Niagara/Content/Enums/ENiagaraCoordinateSpace.uasset" 173
"../../Plugins/FX/Niagara/Content/Enums/ENiagaraExpansionMode.uasset" 174
"../../Plugins/FX/Niagara/Content/Enums/ENiagaraOrientationAxis.uasset" 175
"../../Plugins/FX/Niagara/Content/Enums/ENiagaraRandomnessMode.uasset" 176
"../../Plugins/Runtime/Oculus/OculusAvatar/Content/Materials/Normal.uasset" 177
"../../Plugins/Runtime/Oculus/OculusAvatar/Content/Materials/White.uasset" 178
"../../Plugins/Runtime/Oculus/OculusAvatar/Content/Materials/OculusAvatarsPBR.uasset" 179
"../../../Engine/Content/Functions/Engine_MaterialFunctions02/SmoothStep.uasset" 180
"../../Plugins/Runtime/Oculus/OculusAvatar/Content/Materials/AvatarsPBR_2/Assets/fallbackAlbedo.uasset" 181
"../../Plugins/Runtime/Oculus/OculusAvatar/Content/Materials/AvatarsPBR_2/Assets/fallbackNormal.uasset" 182
"../../Plugins/Runtime/Oculus/OculusAvatar/Content/Materials/AvatarsPBR_2/Assets/fallbackRoughness.uasset" 183
"../../Plugins/Runtime/Oculus/OculusAvatar/Content/Materials/AvatarsPBR_2/OculusAvatars_PBRV2.uasset" 184
"../../Plugins/Runtime/Oculus/OculusAvatar/Content/Materials/AvatarsPBR_2/Functions/ComputeCombinedMeshColor.uasset" 185
"../../../Engine/Content/VREditor/Devices/Vive/UE4_Logo.uasset" 186
"../../Plugins/Runtime/Oculus/OculusAvatar/Content/Materials/AvatarsPBR_2/OculusAvatars_PBRV2_Combined.uasset" 187
"../../Plugins/Runtime/Oculus/OculusAvatar/Content/Materials/AvatarsPBR_2/Functions/ComputeMask.uasset" 188
"../../Plugins/Runtime/Oculus/OculusAvatar/Content/Materials/AvatarsPBR_2/Functions/CombineMasks.uasset" 189
"../../Plugins/Runtime/Oculus/OculusAvatar/Content/Materials/AvatarsPBR_2/OculusAvatars_PBRV2_Combined_Exp_Alpha.uasset" 190
"../../../Engine/Content/Functions/Engine_MaterialFunctions02/Texturing/ScreenAlignedPixelToPixelUVs.uasset" 191
"../../../Engine/Content/EngineMaterials/Good64x64TilingNoiseHighFreq.uasset" 192
"../../Plugins/Runtime/Oculus/OculusAvatar/Content/Materials/AvatarsPBR_2/Functions/LDR_LLL1_0.uasset" 193
"../../Plugins/Runtime/Oculus/OculusAvatar/Content/Materials/AvatarsPBR_2/Functions/DitherAlphaToOpacityMask.uasset" 194
"../../Plugins/Runtime/Oculus/OculusAvatar/Content/Materials/AvatarsPBR_2/OculusAvatars_PBRV2_Combined_Exp_Masked.uasset" 195
"../../Plugins/Runtime/Oculus/OculusAvatar/Content/Materials/AvatarsPBR_2/OculusAvatars_PBRV2_Combined_Exp_Opaque.uasset" 196
"../../Plugins/Runtime/Oculus/OculusAvatar/Content/Materials/AvatarsPBR_2/Functions/DistributionGGX.uasset" 197
"../../Plugins/Runtime/Oculus/OculusAvatar/Content/Materials/AvatarsPBR_2/Functions/GeometryGGXPartial.uasset" 198
"../../Plugins/Runtime/Oculus/OculusAvatar/Content/Materials/AvatarsPBR_2/Functions/SchlickFresnel.uasset" 199
"../../Plugins/Runtime/Oculus/OculusAvatar/Content/Materials/AvatarsPBR_2/AvatarLighting.uasset" 200
"../../Plugins/Runtime/Oculus/OculusAvatar/Content/Materials/AvatarsPBR_2/OculusAvatars_PBRV2_Combined_Exp_Opaque_Mobile.uasset" 201
"../../Plugins/Runtime/Oculus/OculusAvatar/Content/Materials/AvatarsPBR_2/OculusAvatars_PBRV2_ExpressiveController.uasset" 202
"../../Plugins/Runtime/Oculus/OculusAvatar/Content/Materials/AvatarsPBR_2/OculusAvatars_PBRV2_Exp_Alpha_Body.uasset" 203
"../../Plugins/Runtime/Oculus/OculusAvatar/Content/Materials/AvatarsPBR_2/OculusAvatars_PBRV2_Exp_Alpha_Simple.uasset" 204
"../../Plugins/Runtime/Oculus/OculusAvatar/Content/Materials/AvatarsPBR_2/OculusAvatars_PBRV2_Exp_Masked_Body.uasset" 205
"../../Plugins/Runtime/Oculus/OculusAvatar/Content/Materials/AvatarsPBR_2/OculusAvatars_PBRV2_Exp_Masked_Simple.uasset" 206
"../../Plugins/Runtime/Oculus/OculusAvatar/Content/Materials/AvatarsPBR_2/OculusAvatars_PBRV2_Exp_Opaque_Body.uasset" 207
"../../Plugins/Runtime/Oculus/OculusAvatar/Content/Materials/AvatarsPBR_2/OculusAvatars_PBRV2_Exp_Opaque_Body_Mobile.uasset" 208
"../../Plugins/Runtime/Oculus/OculusAvatar/Content/Materials/AvatarsPBR_2/OculusAvatars_PBRV2_Exp_Opaque_Simple.uasset" 209
"../../Plugins/Runtime/Oculus/OculusAvatar/Content/Materials/AvatarsPBR_2/OculusAvatars_PBRV2_Exp_Opaque_Simple_Mobile.uasset" 210
"../../Plugins/Runtime/Oculus/OculusAvatar/Content/Materials/AvatarsPBR_2/OculusAvatars_PBRV2_EyeShell.uasset" 211
"../../Plugins/Runtime/Oculus/OculusAvatar/Content/Materials/AvatarsPBR_2/OculusAvatars_PBRV2_Mobile.uasset" 212
"../../Plugins/Runtime/Oculus/OculusAvatar/Content/Materials/AvatarsPBR_2/OculusAvatars_PBRV2_Mobile_Combined.uasset" 213
"../../../Engine/Content/Functions/Engine_MaterialFunctions02/SplitComponents.uasset" 214
"../../../Engine/Content/Functions/Engine_MaterialFunctions02/Utility/MakeFloat2.uasset" 215
"../../../Engine/Content/Functions/Engine_MaterialFunctions02/Utility/MakeFloat3.uasset" 216
"../../../Engine/Content/Functions/Engine_MaterialFunctions02/Utility/MakeFloat4.uasset" 217
"../../../Engine/Content/Functions/Engine_MaterialFunctions02/WorldPositionOffset/LocalPosition.uasset" 218
"../../Plugins/Runtime/Oculus/OculusAvatar/Content/Materials/v1/Main/OculusAvatar8Layers_ComputeBlend.uasset" 219
"../../Plugins/Runtime/Oculus/OculusAvatar/Content/Materials/v1/Sample/OculusAvatar8Layers_SampleModeParallax.uasset" 220
"../../Plugins/Runtime/Oculus/OculusAvatar/Content/Materials/v1/Main/OculusAvatar8Layers_ComputeNormal.uasset" 221
"../../Plugins/Runtime/Oculus/OculusAvatar/Content/Materials/v1/Sample/OculusAvatar8Layers_SampleModeRSRM.uasset" 222
"../../Plugins/Runtime/Oculus/OculusAvatar/Content/Materials/v1/Sample/OculusAvatar8Layers_SampleModeTexture.uasset" 223
"../../Plugins/Runtime/Oculus/OculusAvatar/Content/Materials/v1/Sample/OculusAvatar8Layers_SampleModeTextureSingleChannel.uasset" 224
"../../Plugins/Runtime/Oculus/OculusAvatar/Content/Materials/v1/Main/OculusAvatar8Layers_ComputeColor.uasset" 225
"../../Plugins/Runtime/Oculus/OculusAvatar/Content/Materials/v1/Mask/OculusAvatar8Layers_MaskTypeFresnel.uasset" 226
"../../Plugins/Runtime/Oculus/OculusAvatar/Content/Materials/v1/OculusAvatar8Layers_GetPreSkinnedPosition.uasset" 227
"../../Plugins/Runtime/Oculus/OculusAvatar/Content/Materials/v1/Mask/OculusAvatar8Layers_MaskTypePositional.uasset" 228
"../../Plugins/Runtime/Oculus/OculusAvatar/Content/Materials/v1/Mask/OculusAvatar8Layers_MaskTypeReflection.uasset" 229
"../../Plugins/Runtime/Oculus/OculusAvatar/Content/Materials/v1/Main/OculusAvatar8Layers_ComputeMask.uasset" 230
"../../Plugins/Runtime/Oculus/OculusAvatar/Content/Materials/v1/8Layer.uasset" 231
"../../Plugins/Runtime/Oculus/OculusAvatar/Content/Materials/v1/Inst/Projector.uasset" 232
"../../Plugins/Runtime/Oculus/OculusAvatar/Content/Materials/v1/Inst/Off/N_OFF_P_OFF/OculusAvatar8Layers_Inst_0Layers.uasset" 233
"../../Plugins/Runtime/Oculus/OculusAvatar/Content/Materials/v1/Inst/Off/N_OFF_P_OFF/OculusAvatar8Layers_Inst_1Layers.uasset" 234
"../../Plugins/Runtime/Oculus/OculusAvatar/Content/Materials/v1/Inst/Off/N_OFF_P_OFF/OculusAvatar8Layers_Inst_2Layers.uasset" 235
"../../Plugins/Runtime/Oculus/OculusAvatar/Content/Materials/v1/Inst/Off/N_OFF_P_OFF/OculusAvatar8Layers_Inst_3Layers.uasset" 236
"../../Plugins/Runtime/Oculus/OculusAvatar/Content/Materials/v1/Inst/Off/N_OFF_P_OFF/OculusAvatar8Layers_Inst_4Layers.uasset" 237
"../../Plugins/Runtime/Oculus/OculusAvatar/Content/Materials/v1/Inst/Off/N_OFF_P_OFF/OculusAvatar8Layers_Inst_5Layers.uasset" 238
"../../Plugins/Runtime/Oculus/OculusAvatar/Content/Materials/v1/Inst/Off/N_OFF_P_OFF/OculusAvatar8Layers_Inst_6Layers.uasset" 239
"../../Plugins/Runtime/Oculus/OculusAvatar/Content/Materials/v1/Inst/Off/N_OFF_P_OFF/OculusAvatar8Layers_Inst_7Layers.uasset" 240
"../../Plugins/Runtime/Oculus/OculusAvatar/Content/Materials/v1/Inst/Off/N_OFF_P_OFF/OculusAvatar8Layers_Inst_8Layers.uasset" 241
"../../Plugins/Runtime/Oculus/OculusAvatar/Content/Materials/v1/Inst/Off/N_OFF_P_ON/OculusAvatar8Layers_Inst_0Layers.uasset" 242
"../../Plugins/Runtime/Oculus/OculusAvatar/Content/Materials/v1/Inst/Off/N_OFF_P_ON/OculusAvatar8Layers_Inst_1Layers.uasset" 243
"../../Plugins/Runtime/Oculus/OculusAvatar/Content/Materials/v1/Inst/Off/N_OFF_P_ON/OculusAvatar8Layers_Inst_2Layers.uasset" 244
"../../Plugins/Runtime/Oculus/OculusAvatar/Content/Materials/v1/Inst/Off/N_OFF_P_ON/OculusAvatar8Layers_Inst_3Layers.uasset" 245
"../../Plugins/Runtime/Oculus/OculusAvatar/Content/Materials/v1/Inst/Off/N_OFF_P_ON/OculusAvatar8Layers_Inst_4Layers.uasset" 246
"../../Plugins/Runtime/Oculus/OculusAvatar/Content/Materials/v1/Inst/Off/N_OFF_P_ON/OculusAvatar8Layers_Inst_5Layers.uasset" 247
"../../Plugins/Runtime/Oculus/OculusAvatar/Content/Materials/v1/Inst/Off/N_OFF_P_ON/OculusAvatar8Layers_Inst_6Layers.uasset" 248
"../../Plugins/Runtime/Oculus/OculusAvatar/Content/Materials/v1/Inst/Off/N_OFF_P_ON/OculusAvatar8Layers_Inst_7Layers.uasset" 249
"../../Plugins/Runtime/Oculus/OculusAvatar/Content/Materials/v1/Inst/Off/N_OFF_P_ON/OculusAvatar8Layers_Inst_8Layers.uasset" 250
"../../Plugins/Runtime/Oculus/OculusAvatar/Content/Materials/v1/Inst/Off/N_ON_P_OFF/OculusAvatar8Layers_Inst_0Layers.uasset" 251
"../../Plugins/Runtime/Oculus/OculusAvatar/Content/Materials/v1/Inst/Off/N_ON_P_OFF/OculusAvatar8Layers_Inst_1Layers.uasset" 252
"../../Plugins/Runtime/Oculus/OculusAvatar/Content/Materials/v1/Inst/Off/N_ON_P_OFF/OculusAvatar8Layers_Inst_2Layers.uasset" 253
"../../Plugins/Runtime/Oculus/OculusAvatar/Content/Materials/v1/Inst/Off/N_ON_P_OFF/OculusAvatar8Layers_Inst_3Layers.uasset" 254
"../../Plugins/Runtime/Oculus/OculusAvatar/Content/Materials/v1/Inst/Off/N_ON_P_OFF/OculusAvatar8Layers_Inst_4Layers.uasset" 255
"../../Plugins/Runtime/Oculus/OculusAvatar/Content/Materials/v1/Inst/Off/N_ON_P_OFF/OculusAvatar8Layers_Inst_5Layers.uasset" 256
"../../Plugins/Runtime/Oculus/OculusAvatar/Content/Materials/v1/Inst/Off/N_ON_P_OFF/OculusAvatar8Layers_Inst_6Layers.uasset" 257
"../../Plugins/Runtime/Oculus/OculusAvatar/Content/Materials/v1/Inst/Off/N_ON_P_OFF/OculusAvatar8Layers_Inst_7Layers.uasset" 258
"../../Plugins/Runtime/Oculus/OculusAvatar/Content/Materials/v1/Inst/Off/N_ON_P_OFF/OculusAvatar8Layers_Inst_8Layers.uasset" 259
"../../Plugins/Runtime/Oculus/OculusAvatar/Content/Materials/v1/Inst/Off/N_ON_P_ON/OculusAvatar8Layers_Inst_0Layers.uasset" 260
"../../Plugins/Runtime/Oculus/OculusAvatar/Content/Materials/v1/Inst/Off/N_ON_P_ON/OculusAvatar8Layers_Inst_1Layers.uasset" 261
"../../Plugins/Runtime/Oculus/OculusAvatar/Content/Materials/v1/Inst/Off/N_ON_P_ON/OculusAvatar8Layers_Inst_2Layers.uasset" 262
"../../Plugins/Runtime/Oculus/OculusAvatar/Content/Materials/v1/Inst/Off/N_ON_P_ON/OculusAvatar8Layers_Inst_3Layers.uasset" 263
"../../Plugins/Runtime/Oculus/OculusAvatar/Content/Materials/v1/Inst/Off/N_ON_P_ON/OculusAvatar8Layers_Inst_4Layers.uasset" 264
"../../Plugins/Runtime/Oculus/OculusAvatar/Content/Materials/v1/Inst/Off/N_ON_P_ON/OculusAvatar8Layers_Inst_5Layers.uasset" 265
"../../Plugins/Runtime/Oculus/OculusAvatar/Content/Materials/v1/Inst/Off/N_ON_P_ON/OculusAvatar8Layers_Inst_6Layers.uasset" 266
"../../Plugins/Runtime/Oculus/OculusAvatar/Content/Materials/v1/Inst/Off/N_ON_P_ON/OculusAvatar8Layers_Inst_7Layers.uasset" 267
"../../Plugins/Runtime/Oculus/OculusAvatar/Content/Materials/v1/Inst/Off/N_ON_P_ON/OculusAvatar8Layers_Inst_8Layers.uasset" 268
"../../Plugins/Runtime/Oculus/OculusAvatar/Content/Materials/v1/Inst/On/N_OFF_P_OFF/OculusAvatar8Layers_Inst_0Layers.uasset" 269
"../../Plugins/Runtime/Oculus/OculusAvatar/Content/Materials/v1/Inst/On/N_OFF_P_OFF/OculusAvatar8Layers_Inst_1Layers.uasset" 270
"../../Plugins/Runtime/Oculus/OculusAvatar/Content/Materials/v1/Inst/On/N_OFF_P_OFF/OculusAvatar8Layers_Inst_2Layers.uasset" 271
"../../Plugins/Runtime/Oculus/OculusAvatar/Content/Materials/v1/Inst/On/N_OFF_P_OFF/OculusAvatar8Layers_Inst_3Layers.uasset" 272
"../../Plugins/Runtime/Oculus/OculusAvatar/Content/Materials/v1/Inst/On/N_OFF_P_OFF/OculusAvatar8Layers_Inst_4Layers.uasset" 273
"../../Plugins/Runtime/Oculus/OculusAvatar/Content/Materials/v1/Inst/On/N_OFF_P_OFF/OculusAvatar8Layers_Inst_5Layers.uasset" 274
"../../Plugins/Runtime/Oculus/OculusAvatar/Content/Materials/v1/Inst/On/N_OFF_P_OFF/OculusAvatar8Layers_Inst_6Layers.uasset" 275
"../../Plugins/Runtime/Oculus/OculusAvatar/Content/Materials/v1/Inst/On/N_OFF_P_OFF/OculusAvatar8Layers_Inst_7Layers.uasset" 276
"../../Plugins/Runtime/Oculus/OculusAvatar/Content/Materials/v1/Inst/On/N_OFF_P_OFF/OculusAvatar8Layers_Inst_8Layers.uasset" 277
"../../Plugins/Runtime/Oculus/OculusAvatar/Content/Materials/v1/Inst/On/N_OFF_P_ON/OculusAvatar8Layers_Inst_0Layers.uasset" 278
"../../Plugins/Runtime/Oculus/OculusAvatar/Content/Materials/v1/Inst/On/N_OFF_P_ON/OculusAvatar8Layers_Inst_1Layers.uasset" 279
"../../Plugins/Runtime/Oculus/OculusAvatar/Content/Materials/v1/Inst/On/N_OFF_P_ON/OculusAvatar8Layers_Inst_2Layers.uasset" 280
"../../Plugins/Runtime/Oculus/OculusAvatar/Content/Materials/v1/Inst/On/N_OFF_P_ON/OculusAvatar8Layers_Inst_3Layers.uasset" 281
"../../Plugins/Runtime/Oculus/OculusAvatar/Content/Materials/v1/Inst/On/N_OFF_P_ON/OculusAvatar8Layers_Inst_4Layers.uasset" 282
"../../Plugins/Runtime/Oculus/OculusAvatar/Content/Materials/v1/Inst/On/N_OFF_P_ON/OculusAvatar8Layers_Inst_5Layers.uasset" 283
"../../Plugins/Runtime/Oculus/OculusAvatar/Content/Materials/v1/Inst/On/N_OFF_P_ON/OculusAvatar8Layers_Inst_6Layers.uasset" 284
"../../Plugins/Runtime/Oculus/OculusAvatar/Content/Materials/v1/Inst/On/N_OFF_P_ON/OculusAvatar8Layers_Inst_7Layers.uasset" 285
"../../Plugins/Runtime/Oculus/OculusAvatar/Content/Materials/v1/Inst/On/N_OFF_P_ON/OculusAvatar8Layers_Inst_8Layers.uasset" 286
"../../Plugins/Runtime/Oculus/OculusAvatar/Content/Materials/v1/Inst/On/N_ON_P_OFF/OculusAvatar8Layers_Inst_0Layers.uasset" 287
"../../Plugins/Runtime/Oculus/OculusAvatar/Content/Materials/v1/Inst/On/N_ON_P_OFF/OculusAvatar8Layers_Inst_1Layers.uasset" 288
"../../Plugins/Runtime/Oculus/OculusAvatar/Content/Materials/v1/Inst/On/N_ON_P_OFF/OculusAvatar8Layers_Inst_2Layers.uasset" 289
"../../Plugins/Runtime/Oculus/OculusAvatar/Content/Materials/v1/Inst/On/N_ON_P_OFF/OculusAvatar8Layers_Inst_3Layers.uasset" 290
"../../Plugins/Runtime/Oculus/OculusAvatar/Content/Materials/v1/Inst/On/N_ON_P_OFF/OculusAvatar8Layers_Inst_4Layers.uasset" 291
"../../Plugins/Runtime/Oculus/OculusAvatar/Content/Materials/v1/Inst/On/N_ON_P_OFF/OculusAvatar8Layers_Inst_5Layers.uasset" 292
"../../Plugins/Runtime/Oculus/OculusAvatar/Content/Materials/v1/Inst/On/N_ON_P_OFF/OculusAvatar8Layers_Inst_6Layers.uasset" 293
"../../Plugins/Runtime/Oculus/OculusAvatar/Content/Materials/v1/Inst/On/N_ON_P_OFF/OculusAvatar8Layers_Inst_7Layers.uasset" 294
"../../Plugins/Runtime/Oculus/OculusAvatar/Content/Materials/v1/Inst/On/N_ON_P_OFF/OculusAvatar8Layers_Inst_8Layers.uasset" 295
"../../Plugins/Runtime/Oculus/OculusAvatar/Content/Materials/v1/Inst/On/N_ON_P_ON/OculusAvatar8Layers_Inst_0Layers.uasset" 296
"../../Plugins/Runtime/Oculus/OculusAvatar/Content/Materials/v1/Inst/On/N_ON_P_ON/OculusAvatar8Layers_Inst_1Layers.uasset" 297
"../../Plugins/Runtime/Oculus/OculusAvatar/Content/Materials/v1/Inst/On/N_ON_P_ON/OculusAvatar8Layers_Inst_2Layers.uasset" 298
"../../Plugins/Runtime/Oculus/OculusAvatar/Content/Materials/v1/Inst/On/N_ON_P_ON/OculusAvatar8Layers_Inst_3Layers.uasset" 299
"../../Plugins/Runtime/Oculus/OculusAvatar/Content/Materials/v1/Inst/On/N_ON_P_ON/OculusAvatar8Layers_Inst_4Layers.uasset" 300
"../../Plugins/Runtime/Oculus/OculusAvatar/Content/Materials/v1/Inst/On/N_ON_P_ON/OculusAvatar8Layers_Inst_5Layers.uasset" 301
"../../Plugins/Runtime/Oculus/OculusAvatar/Content/Materials/v1/Inst/On/N_ON_P_ON/OculusAvatar8Layers_Inst_6Layers.uasset" 302
"../../Plugins/Runtime/Oculus/OculusAvatar/Content/Materials/v1/Inst/On/N_ON_P_ON/OculusAvatar8Layers_Inst_7Layers.uasset" 303
"../../Plugins/Runtime/Oculus/OculusAvatar/Content/Materials/v1/Inst/On/N_ON_P_ON/OculusAvatar8Layers_Inst_8Layers.uasset" 304
"../../../Engine/Content/Functions/Engine_MaterialFunctions02/Utility/BreakOutFloat4Components.uasset" 305
"../../Plugins/Runtime/Oculus/OculusVR/Content/Materials/OculusMR_ChromaKey.uasset" 306
"../../Plugins/Runtime/Oculus/OculusVR/Content/Materials/OculusMR_ChromaKey_Lit.uasset" 307
"../../Plugins/Runtime/Oculus/OculusVR/Content/Materials/OculusMR_OpaqueColoredMaterial.uasset" 308
"../../Plugins/Runtime/Oculus/OculusVR/Content/Materials/OculusMR_WhiteMaterial.uasset" 309
"../../Plugins/Runtime/Oculus/OculusVR/Content/Materials/PokeAHoleMaterial.uasset" 310
"../../Plugins/Runtime/Oculus/OculusVR/Content/Textures/GearVRController_AO.uasset" 311
"../../Plugins/Runtime/Oculus/OculusVR/Content/Textures/GearVRController_Color.uasset" 312
"../../Plugins/Runtime/Oculus/OculusVR/Content/Textures/GearVRController_Normal.uasset" 313
"../../Plugins/Runtime/Oculus/OculusVR/Content/Materials/GearVRControllerMaterial.uasset" 314
"../../Plugins/Runtime/Oculus/OculusVR/Content/Meshes/GearVrController.uasset" 315
"../../Plugins/Runtime/Oculus/OculusVR/Content/Textures/touchController_albedo.uasset" 316
"../../Plugins/Runtime/Oculus/OculusVR/Content/Textures/touchController_controlmap.uasset" 317
"../../Plugins/Runtime/Oculus/OculusVR/Content/Materials/touchController_mat.uasset" 318
"../../Plugins/Runtime/Oculus/OculusVR/Content/Meshes/LeftTouchController.uasset" 319
"../../Plugins/Runtime/Oculus/OculusVR/Content/Meshes/RiftHMD.uasset" 320
"../../Plugins/Runtime/Oculus/OculusVR/Content/Meshes/RightTouchController.uasset" 321
"../../../../../UE4/UE4 Training/BloomeeProjectsCB/Content/CherryBlossoms/Materials/Lantern/Lantern.uasset" 322
"../../../../../UE4/UE4 Training/BloomeeProjectsCB/Content/CherryBlossoms/Materials/M_EmissiveTreeLamps.uasset" 323
"../../../../../UE4/UE4 Training/BloomeeProjectsCB/Content/CherryBlossoms/Materials/MI_EmissiveTreeLamps.uasset" 324
"../../../../../UE4/UE4 Training/BloomeeProjectsCB/Content/CherryBlossoms/Materials/M_Steel.uasset" 325
"../../../../../UE4/UE4 Training/BloomeeProjectsCB/Content/CherryBlossoms/Materials/MI_Steel.uasset" 326
"../../../../../UE4/UE4 Training/BloomeeProjectsCB/Content/CherryBlossoms/Materials/MI_Lamp.uasset" 327
"../../../../../UE4/UE4 Training/BloomeeProjectsCB/Content/CherryBlossoms/Datasmith/CherryBlossoms/Geometries/lantern_cherrylantern_1_51.uasset" 328
"../../../../../UE4/UE4 Training/BloomeeProjectsCB/Content/CherryBlossoms/Datasmith/CherryBlossoms/Geometries/BP_MorningLantern.uasset" 329
"../../../Engine/Content/Functions/Engine_MaterialFunctions02/Utility/VectorLength.uasset" 330
"../../../Engine/Content/Functions/Engine_MaterialFunctions02/WorldPositionOffset/ObjectPivotPoint.uasset" 331
"../../Plugins/Runtime/HDRIBackdrop/Content/Materials/HDRI_Attributes.uasset" 332
"../../Plugins/Runtime/HDRIBackdrop/Content/Materials/HDRI_Projection.uasset" 333
"../../Plugins/Runtime/HDRIBackdrop/Content/Materials/MI_HDRI_CameraProjection.uasset" 334
"../../Plugins/Runtime/HDRIBackdrop/Content/Materials/MI_HDRI_CenterProjection.uasset" 335
"../../Plugins/Runtime/HDRIBackdrop/Content/Meshes/EnviroDome.uasset" 336
"../../Plugins/Runtime/HDRIBackdrop/Content/Textures/approaching_storm_4k.uasset" 337
"../../Plugins/Runtime/HDRIBackdrop/Content/Blueprints/HDRIBackdrop.uasset" 338
"../../../Engine/Content/Functions/Engine_MaterialFunctions01/Gradient/LinearGradient.uasset" 339
"../../../Engine/Content/Functions/Engine_MaterialFunctions01/Shading/FuzzyShadingGrass.uasset" 340
"../../../Engine/Content/Functions/Engine_MaterialFunctions01/WorldPositionOffset/SimpleGrassWind.uasset" 341
"../../../Engine/Content/EngineResources/DefaultTexture.uasset" 342
"../../../../../UE4/UE4 Training/BloomeeProjectsCB/Content/Brushify/Materials/Landscape/Textures/Grass/T_Grass_D.uasset" 343
"../../../../../UE4/UE4 Training/BloomeeProjectsCB/Content/Brushify/Materials/Landscape/Textures/T_Default_N.uasset" 344
"../../../../../UE4/UE4 Training/BloomeeProjectsCB/Content/Brushify/Materials/M_Grass_Master.uasset" 345
"../../../../../UE4/UE4 Training/BloomeeProjectsCB/Content/Brushify/Materials/Landscape/ProceduralMeshes/Foliage/Grass/Textures/T_Grass_D.uasset" 346
"../../../../../UE4/UE4 Training/BloomeeProjectsCB/Content/Brushify/Materials/Landscape/ProceduralMeshes/Foliage/Grass/MI_Grass.uasset" 347
"../../../Engine/Content/Functions/Engine_MaterialFunctions02/SupportFiles/1x1x1_Box_Pivot_-XYZ.uasset" 348
"../../../../../UE4/UE4 Training/BloomeeProjectsCB/Content/Brushify/Materials/Landscape/ProceduralMeshes/Foliage/Grass/S_Grass.uasset" 349
"../../../../../UE4/UE4 Training/BloomeeProjectsCB/Content/Brushify/Materials/Landscape/ProceduralMeshes/Foliage/Grass/S_Grass_FoliageType.uasset" 350
"../../../../../UE4/UE4 Training/BloomeeProjectsCB/Content/CherryBlossoms/CherryBlossoms_Day_BuiltData.uasset" 351
"../../../Engine/Content/EngineResources/DefaultTextureCube.uasset" 352
"../../../../../UE4/UE4 Training/BloomeeProjectsCB/Content/Brushify/Materials/Landscape/ProceduralMeshes/Foliage/Clovers/MI_Clovers.uasset" 353
"../../../../../UE4/UE4 Training/BloomeeProjectsCB/Content/Brushify/Materials/Landscape/ProceduralMeshes/Foliage/Clovers/S_Clovers_01.uasset" 354
"../../../../../UE4/UE4 Training/BloomeeProjectsCB/Content/Brushify/Materials/Landscape/ProceduralMeshes/Foliage/Flowers/MI_Flowers.uasset" 355
"../../../../../UE4/UE4 Training/BloomeeProjectsCB/Content/Brushify/Materials/Landscape/ProceduralMeshes/Foliage/Flowers/S_Flowers_01_Large.uasset" 356
"../../../../../UE4/UE4 Training/BloomeeProjectsCB/Content/CherryBlossoms/Ambient/MorningAmbience.uasset" 357
"../../../../../UE4/UE4 Training/BloomeeProjectsCB/Content/CherryBlossoms/Ambient/SC_MorningAmbience.uasset" 358
"../../../../../UE4/UE4 Training/BloomeeProjectsCB/Content/CherryBlossoms/Textures/HDRI/noon_grass_2k.uasset" 359
"../../../../../UE4/UE4 Training/BloomeeProjectsCB/Content/CherryBlossoms/Textures/HDRI/reichstag_1_2k.uasset" 360
"../../../../../UE4/UE4 Training/BloomeeProjectsCB/Content/CherryBlossoms/CherryBlossoms_Day.umap" 361
"../../../../../UE4/UE4 Training/BloomeeProjectsCB/Content/CherryBlossoms/Materials/Lantern/M_Lantern_Glow.uasset" 362
"../../../../../UE4/UE4 Training/BloomeeProjectsCB/Content/CherryBlossoms/Materials/Lantern/MI_Lantern_Glow.uasset" 363
"../../../Engine/Content/Functions/Engine_MaterialFunctions02/Texturing/WorldPositionWithScale.uasset" 364
"../../../Engine/Content/Functions/Engine_MaterialFunctions02/UVs/WorldPositionBehindTranslucency.uasset" 365
"../../../Engine/Content/Functions/Engine_MaterialFunctions01/Gradient/SphereGradient-3D.uasset" 366
"../../../../../UE4/UE4 Training/BloomeeProjectsCB/Content/CherryBlossoms/Materials/M_GlowSphere.uasset" 367
"../../../../../UE4/UE4 Training/BloomeeProjectsCB/Content/CherryBlossoms/Materials/MI_GlowSphere.uasset" 368
"../../../Engine/Content/BasicShapes/Sphere.uasset" 369
"../../../../../UE4/UE4 Training/BloomeeProjectsCB/Content/CherryBlossoms/Datasmith/CherryBlossoms/Geometries/BP_EmissiveLantern.uasset" 370
"../../../../../UE4/UE4 Training/BloomeeProjectsCB/Content/CherryBlossoms/CherryBlossoms_Night_BuiltData.uasset" 371
"../../../../../UE4/UE4 Training/BloomeeProjectsCB/Content/CherryBlossoms/Ambient/Night_Ambient.uasset" 372
"../../../../../UE4/UE4 Training/BloomeeProjectsCB/Content/CherryBlossoms/Ambient/SC_NightAmbience.uasset" 373
"../../../../../UE4/UE4 Training/BloomeeProjectsCB/Content/CherryBlossoms/Textures/HDRI/night_grass_2k_v2.uasset" 374
"../../../../../UE4/UE4 Training/BloomeeProjectsCB/Content/CherryBlossoms/CherryBlossoms_Night.umap" 375
"../../../Engine/Content/Functions/Engine_MaterialFunctions01/AlphaBlend/WorldAlignedBlend.uasset" 376
"../../../../../UE4/UE4 Training/BloomeeProjectsCB/Content/CherryBlossoms/Textures/Leaves/T_Petals_Pink.uasset" 377
"../../../../../UE4/UE4 Training/BloomeeProjectsCB/Content/CherryBlossoms/Materials/Leaves/M_Petals_Static.uasset" 378
"../../../../../UE4/UE4 Training/BloomeeProjectsCB/Content/CherryBlossoms/Textures/Leaves/T_Petals_Pink_SubUV_01.uasset" 379
"../../../../../UE4/UE4 Training/BloomeeProjectsCB/Content/CherryBlossoms/Materials/Leaves/M_Petals_SubUV.uasset" 380
"../../../../../UE4/UE4 Training/BloomeeProjectsCB/Content/CherryBlossoms/Textures/Leaves/T_Petals_Pink_SubUV_02.uasset" 381
"../../../../../UE4/UE4 Training/BloomeeProjectsCB/Content/CherryBlossoms/Materials/Leaves/M_Petals_SubUV_Inst.uasset" 382
"../../../../../UE4/UE4 Training/BloomeeProjectsCB/Content/CherryBlossoms/Blueprints/Particles/Leaves/Ambient/P_Petals_World_Idle.uasset" 383
"../../../../../UE4/UE4 Training/BloomeeProjectsCB/Content/CherryBlossoms/Blueprints/Leaves/BP_Ambient_Petals.uasset" 384
"../../../Engine/Content/EditorBlueprintResources/StandardMacros.uasset" 385
"../../../../../UE4/UE4 Training/BloomeeProjectsCB/Content/NewGameMode.uasset" 386
"../../../../../UE4/UE4 Training/BloomeeProjectsCB/Content/VirtualReality/Mannequin/Character/Mesh/MannequinHand_Right_Skeleton.uasset" 387
"../../../../../UE4/UE4 Training/BloomeeProjectsCB/Content/VirtualReality/Mannequin/Animations/MannequinHand_Right_CanGrab.uasset" 388
"../../../../../UE4/UE4 Training/BloomeeProjectsCB/Content/VirtualReality/Mannequin/Animations/MannequinHand_Right_Grab.uasset" 389
"../../../../../UE4/UE4 Training/BloomeeProjectsCB/Content/VirtualReality/Mannequin/Animations/MannequinHand_Right_Open.uasset" 390
"../../../../../UE4/UE4 Training/BloomeeProjectsCB/Content/VirtualReality/Mannequin/Animations/RightGrip_BS.uasset" 391
"../../../../../UE4/UE4 Training/BloomeeProjectsCB/Content/VirtualRealityBP/Blueprints/GripEnum.uasset" 392
"../../../../../UE4/UE4 Training/BloomeeProjectsCB/Content/VirtualReality/Mannequin/Animations/RightHand_AnimBP.uasset" 393
"../../../../../UE4/UE4 Training/BloomeeProjectsCB/Content/VirtualRealityBP/Blueprints/PickupActorInterface.uasset" 394
"../../../../../UE4/UE4 Training/BloomeeProjectsCB/Content/VirtualRealityBP/Blueprints/MotionControllerHaptics.uasset" 395
"../../../Engine/Content/Functions/Engine_MaterialFunctions01/Texturing/ScaleUVsByCenter.uasset" 396
"../../../Engine/Content/Functions/Engine_MaterialFunctions02/ScreenResolution.uasset" 397
"../../../Engine/Content/Functions/Engine_MaterialFunctions02/Texturing/ScreenAlignedUVs.uasset" 398
"../../../Engine/Content/Functions/Engine_MaterialFunctions02/Utility/DepthFromWorldPosition.uasset" 399
"../../../../../UE4/UE4 Training/BloomeeProjectsCB/Content/VirtualReality/Materials/MF_OccludedPixels.uasset" 400
"../../../../../UE4/UE4 Training/BloomeeProjectsCB/Content/VirtualReality/Materials/TeleportMCP.uasset" 401
"../../../../../UE4/UE4 Training/BloomeeProjectsCB/Content/VirtualReality/Materials/M_ArcEndpoint.uasset" 402
"../../../../../UE4/UE4 Training/BloomeeProjectsCB/Content/VirtualReality/Materials/M_SplineArcMat.uasset" 403
"../../../../../UE4/UE4 Training/BloomeeProjectsCB/Content/VirtualReality/Materials/M_TeleportPreviews.uasset" 404
"../../../../../UE4/UE4 Training/BloomeeProjectsCB/Content/VirtualReality/Materials/MI_ChaperoneOutline.uasset" 405
"../../../../../UE4/UE4 Training/BloomeeProjectsCB/Content/VirtualReality/Materials/MI_TeleportCylinderPreview.uasset" 406
"../../../Engine/Content/BasicShapes/Cylinder.uasset" 407
"../../../../../UE4/UE4 Training/BloomeeProjectsCB/Content/VirtualReality/Mannequin/Character/Textures/UE4_Mannequin__normals.uasset" 408
"../../../../../UE4/UE4 Training/BloomeeProjectsCB/Content/VirtualReality/Mannequin/Character/Textures/UE4_Mannequin_MAT_MASKA.uasset" 409
"../../../../../UE4/UE4 Training/BloomeeProjectsCB/Content/VirtualReality/Mannequin/Character/Materials/M_HandMat.uasset" 410
"../../../../../UE4/UE4 Training/BloomeeProjectsCB/Content/VirtualReality/Mannequin/Character/Mesh/MannequinHand_Right_PhysicsAsset.uasset" 411
"../../../../../UE4/UE4 Training/BloomeeProjectsCB/Content/VirtualReality/Mannequin/Character/Mesh/MannequinHand_Right.uasset" 412
"../../../../../UE4/UE4 Training/BloomeeProjectsCB/Content/VirtualReality/Meshes/1x1_cube.uasset" 413
"../../../../../UE4/UE4 Training/BloomeeProjectsCB/Content/VirtualReality/Meshes/BeaconDirection.uasset" 414
"../../../../../UE4/UE4 Training/BloomeeProjectsCB/Content/VirtualReality/Meshes/BeamMesh.uasset" 415
"../../../../../UE4/UE4 Training/BloomeeProjectsCB/Content/VirtualReality/Meshes/SM_FatCylinder.uasset" 416
"../../../../../UE4/UE4 Training/BloomeeProjectsCB/Content/VirtualRealityBP/Blueprints/BP_MotionController.uasset" 417
"../../../../../UE4/UE4 Training/BloomeeProjectsCB/Content/VirtualRealityBP/Blueprints/MotionControllerPawn.uasset" 418
"../../../../../UE4/UE4 Training/BloomeeProjectsCB/Content/CherryBlossoms/Textures/T_MacroVariation.uasset" 419
"../../../../../UE4/UE4 Training/BloomeeProjectsCB/Content/dvizPlantsPack_02/Textures/4K/T_dvizTree_Ground_02_BC.uasset" 420
"../../../../../UE4/UE4 Training/BloomeeProjectsCB/Content/dvizPlantsPack_02/Textures/4K/T_dvizTree_Ground_02_N.uasset" 421
"../../../../../UE4/UE4 Training/BloomeeProjectsCB/Content/CherryBlossoms/Materials/M_Landscape.uasset" 422
"../../../../../UE4/UE4 Training/BloomeeProjectsCB/Content/CherryBlossoms/Materials/MI_Landscape.uasset" 423
"../../../../../UE4/UE4 Training/BloomeeProjectsCB/Content/CherryBlossoms/Materials/Megascans/Grass/Grass_Normal.uasset" 424
"../../../../../UE4/UE4 Training/BloomeeProjectsCB/Content/CherryBlossoms/Materials/M_Wood.uasset" 425
"../../../../../UE4/UE4 Training/BloomeeProjectsCB/Content/CherryBlossoms/Materials/MI_Wood.uasset" 426
"../../../Engine/Content/Functions/Engine_MaterialFunctions01/ImageAdjustment/CheapContrast.uasset" 427
"../../../Engine/Content/Functions/Engine_MaterialFunctions01/Texturing/WorldAlignedTexture.uasset" 428
"../../../Engine/Content/EngineMaterials/BlendFunc_DefBase.uasset" 429
"../../../Engine/Content/EngineMaterials/BlendFunc_DefBlend.uasset" 430
"../../../Engine/Content/Functions/Engine_MaterialFunctions03/Blends/Blend_Darken.uasset" 431
"../../../Engine/Content/Functions/Engine_MaterialFunctions03/Blends/Blend_Lighten.uasset" 432
"../../../Engine/Content/Functions/Engine_MaterialFunctions03/Blends/Blend_Overlay.uasset" 433
"../../../Engine/Content/Functions/Engine_MaterialFunctions03/Blends/Blend_Screen.uasset" 434
"../../../Engine/Content/Functions/Engine_MaterialFunctions02/Utility/DitherTemporalAA.uasset" 435
"../../../../../UE4/UE4 Training/BloomeeProjectsCB/Content/Brushify/Materials/Landscape/Functions/MF_ObjectBlending.uasset" 436
"../../../../../UE4/UE4 Training/BloomeeProjectsCB/Content/Brushify/Materials/Landscape/Textures/T_ErosionMask.uasset" 437
"../../../../../UE4/UE4 Training/BloomeeProjectsCB/Content/Brushify/Meshes/Cliffs/Textures/T_CliffSurface_Snow_D.uasset" 438
"../../../../../UE4/UE4 Training/BloomeeProjectsCB/Content/Brushify/Materials/M_NearMesh_Master.uasset" 439
"../../../../../UE4/UE4 Training/BloomeeProjectsCB/Content/Brushify/Meshes/Cliffs/Textures/T_CliffSurface_D.uasset" 440
"../../../../../UE4/UE4 Training/BloomeeProjectsCB/Content/Brushify/Meshes/Cliffs/Textures/T_CliffSurface_N.uasset" 441
"../../../../../UE4/UE4 Training/BloomeeProjectsCB/Content/Brushify/Materials/Landscape/ProceduralMeshes/Rocks/Pebbles_01/MI_Pebbles_01.uasset" 442
"../../../../../UE4/UE4 Training/BloomeeProjectsCB/Content/Brushify/Materials/Landscape/ProceduralMeshes/Rocks/Pebbles_01/S_Pebbles_01.uasset" 443
"../../../../../UE4/UE4 Training/BloomeeProjectsCB/Content/CherryBlossoms/Ambient/CB_BGM_2.uasset" 444
"../../../Engine/Content/Functions/Engine_MaterialFunctions01/Vectors/MF_RotateVector_90.uasset" 445
"../../../../../UE4/UE4 Training/BloomeeProjectsCB/Content/CherryBlossoms/ZenGarden/Assets/Textures/T_Zen_Bird_D.uasset" 446
"../../../../../UE4/UE4 Training/BloomeeProjectsCB/Content/CherryBlossoms/ZenGarden/Assets/Textures/T_Zen_Bird_N.uasset" 447
"../../../../../UE4/UE4 Training/BloomeeProjectsCB/Content/CherryBlossoms/ZenGarden/Assets/Materials/M_Zen_Bird.uasset" 448
"../../../../../UE4/UE4 Training/BloomeeProjectsCB/Content/CherryBlossoms/ZenGarden/Assets/Materials/M_Zen_Bird_Inst.uasset" 449
"../../../../../UE4/UE4 Training/BloomeeProjectsCB/Content/CherryBlossoms/ZenGarden/Effects/Meshes/Bird/SM_Zen_Bird.uasset" 450
"../../../../../UE4/UE4 Training/BloomeeProjectsCB/Content/CherryBlossoms/Blueprints/Particles/Birds/BirdFlock_Orbit.uasset" 451
"../../../../../UE4/UE4 Training/BloomeeProjectsCB/Content/CherryBlossoms/Materials/M_Emissive.uasset" 452
"../../../../../UE4/UE4 Training/BloomeeProjectsCB/Content/CherryBlossoms/Materials/MI_Emissive.uasset" 453
"../../../../../UE4/UE4 Training/BloomeeProjectsCB/Content/CherryBlossoms/Datasmith/CB_LampPost/Geometries/polySurface43.uasset" 454
"../../../../../UE4/UE4 Training/BloomeeProjectsCB/Content/CherryBlossoms/Datasmith/CherryBlossoms/Geometries/Woods.uasset" 455
"../../../../../UE4/UE4 Training/BloomeeProjectsCB/Content/CherryBlossoms/Geometry/CB_1/CherryBlossoms_1_Color_Tex.uasset" 456
"../../../../../UE4/UE4 Training/BloomeeProjectsCB/Content/CherryBlossoms/Geometry/CB_1/CherryBlossoms_1_Normal_Tex.uasset" 457
"../../../../../UE4/UE4 Training/BloomeeProjectsCB/Content/CherryBlossoms/Geometry/CB_1/CherryBlossoms_1_Subsurface_Tex.uasset" 458
"../../../../../UE4/UE4 Training/BloomeeProjectsCB/Content/CherryBlossoms/Geometry/CB_1/CherryBlossoms_1_Branch_Mat.uasset" 459
"../../../../../UE4/UE4 Training/BloomeeProjectsCB/Content/CherryBlossoms/Materials/MCP_TreeSaturation.uasset" 460
"../../../../../UE4/UE4 Training/BloomeeProjectsCB/Content/CherryBlossoms/Geometry/CB_1/CherryBlossoms_1_Leaf_Mat.uasset" 461
"../../../../../UE4/UE4 Training/BloomeeProjectsCB/Content/CherryBlossoms/Geometry/CB_1/Main_Bark_Color_Tex.uasset" 462
"../../../../../UE4/UE4 Training/BloomeeProjectsCB/Content/CherryBlossoms/Geometry/CB_1/Main_Bark_Normal_Tex.uasset" 463
"../../../../../UE4/UE4 Training/BloomeeProjectsCB/Content/CherryBlossoms/Geometry/CB_1/Main_Bark_Branch_Mat.uasset" 464
"../../../../../UE4/UE4 Training/BloomeeProjectsCB/Content/CherryBlossoms/Geometry/CB_1/CherryBlossoms_1.uasset" 465
"../../../../../UE4/UE4 Training/BloomeeProjectsCB/Content/CherryBlossoms/Geometry/CB_2/CherryBlossoms_2_Color_Tex.uasset" 466
"../../../../../UE4/UE4 Training/BloomeeProjectsCB/Content/CherryBlossoms/Geometry/CB_2/CherryBlossoms_2_Normal_Tex.uasset" 467
"../../../../../UE4/UE4 Training/BloomeeProjectsCB/Content/CherryBlossoms/Geometry/CB_2/CherryBlossoms_2_Subsurface_Tex.uasset" 468
"../../../../../UE4/UE4 Training/BloomeeProjectsCB/Content/CherryBlossoms/Geometry/CB_2/CherryBlossoms_2_Branch_Mat.uasset" 469
"../../../../../UE4/UE4 Training/BloomeeProjectsCB/Content/CherryBlossoms/Geometry/CB_2/CherryBlossoms_2_Leaf_Mat.uasset" 470
"../../../../../UE4/UE4 Training/BloomeeProjectsCB/Content/CherryBlossoms/Geometry/CB_2/Main_Bark_Color_Tex.uasset" 471
"../../../../../UE4/UE4 Training/BloomeeProjectsCB/Content/CherryBlossoms/Geometry/CB_2/Main_Bark_Normal_Tex.uasset" 472
"../../../../../UE4/UE4 Training/BloomeeProjectsCB/Content/CherryBlossoms/Geometry/CB_2/Main_Bark_Branch_Mat.uasset" 473
"../../../../../UE4/UE4 Training/BloomeeProjectsCB/Content/CherryBlossoms/Geometry/CB_2/CherryBlossoms_2.uasset" 474
"../../../../../UE4/UE4 Training/BloomeeProjectsCB/Content/CherryBlossoms/ZenGarden/Environment/Rocks/Textures/BillboardTree.uasset" 475
"../../../../../UE4/UE4 Training/BloomeeProjectsCB/Content/CherryBlossoms/ZenGarden/Environment/Rocks/Materials/M_BGBillBoardtree.uasset" 476
"../../../../../UE4/UE4 Training/BloomeeProjectsCB/Content/CherryBlossoms/ZenGarden/Environment/Rocks/Materials/M_BGBillBoardtree_Inst.uasset" 477
"../../../../../UE4/UE4 Training/BloomeeProjectsCB/Content/CherryBlossoms/ZenGarden/Environment/Rocks/Textures/BillboardTree2.uasset" 478
"../../../../../UE4/UE4 Training/BloomeeProjectsCB/Content/CherryBlossoms/ZenGarden/Environment/Rocks/Materials/M_BGBillBoardtree_Inst_Inst.uasset" 479
"../../../../../UE4/UE4 Training/BloomeeProjectsCB/Content/CherryBlossoms/ZenGarden/Environment/Rocks/Materials/M_BGBillBoardtree_Inst_Inst_Opq.uasset" 480
"../../../../../UE4/UE4 Training/BloomeeProjectsCB/Content/CherryBlossoms/ZenGarden/Environment/Rocks/Materials/SM_BillboardHigh_2.uasset" 481
"../../../../../UE4/UE4 Training/BloomeeProjectsCB/Content/CherryBlossoms/ZenGarden/Environment/Rocks/Textures/BillboardTree3.uasset" 482
"../../../../../UE4/UE4 Training/BloomeeProjectsCB/Content/CherryBlossoms/ZenGarden/Environment/Rocks/Materials/M_BGBillBoardtree_Inst_Inst_Inst_Inst2.uasset" 483
"../../../../../UE4/UE4 Training/BloomeeProjectsCB/Content/CherryBlossoms/ZenGarden/Environment/Rocks/Materials/M_BGBillBoardtree_Inst_Inst_Inst_Inst2_Opq.uasset" 484
"../../../../../UE4/UE4 Training/BloomeeProjectsCB/Content/CherryBlossoms/ZenGarden/Environment/Rocks/Materials/SM_BillboardHigh_3.uasset" 485
"../../../../../UE4/UE4 Training/BloomeeProjectsCB/Content/CherryBlossoms/ZenGarden/Assets/Textures/T_RockMesh_D.uasset" 486
"../../../../../UE4/UE4 Training/BloomeeProjectsCB/Content/CherryBlossoms/ZenGarden/Assets/Textures/T_RockMesh_N.uasset" 487
"../../../../../UE4/UE4 Training/BloomeeProjectsCB/Content/CherryBlossoms/ZenGarden/Assets/Materials/M_RockMesh.uasset" 488
"../../../../../UE4/UE4 Training/BloomeeProjectsCB/Content/CherryBlossoms/ZenGarden/Assets/Materials/M_RockMesh_Inst.uasset" 489
"../../../../../UE4/UE4 Training/BloomeeProjectsCB/Content/CherryBlossoms/ZenGarden/Props/SM_Rock.uasset" 490
"../../../../../UE4/UE4 Training/BloomeeProjectsCB/Content/dvizPlantsPack_02/Textures/2K/T_dvizTree_02_Stumps_04_BC.uasset" 491
"../../../../../UE4/UE4 Training/BloomeeProjectsCB/Content/dvizPlantsPack_02/Textures/2K/T_dvizTree_02_Stumps_04_N.uasset" 492
"../../../../../UE4/UE4 Training/BloomeeProjectsCB/Content/dvizPlantsPack_02/Materials/M_dvizStumps_14.uasset" 493
"../../../../../UE4/UE4 Training/BloomeeProjectsCB/Content/dvizPlantsPack_02/Materials/M_dvizStumps_14_Inst.uasset" 494
"../../../../../UE4/UE4 Training/BloomeeProjectsCB/Content/dvizPlantsPack_02/Geometry/SM_dvizTreePack_02_04_Low.uasset" 495
"../../../../../UE4/UE4 Training/BloomeeProjectsCB/Content/dvizPlantsPack_02/Textures/2K/T_dvizTree_02_Stumps_05_BC.uasset" 496
"../../../../../UE4/UE4 Training/BloomeeProjectsCB/Content/dvizPlantsPack_02/Textures/2K/T_dvizTree_02_Stumps_05_N.uasset" 497
"../../../../../UE4/UE4 Training/BloomeeProjectsCB/Content/dvizPlantsPack_02/Materials/M_dvizStumps_15.uasset" 498
"../../../../../UE4/UE4 Training/BloomeeProjectsCB/Content/dvizPlantsPack_02/Materials/M_dvizStumps_15_Inst.uasset" 499
"../../../../../UE4/UE4 Training/BloomeeProjectsCB/Content/dvizPlantsPack_02/Geometry/SM_dvizTreePack_02_05_Low.uasset" 500
"../../../../../UE4/UE4 Training/BloomeeProjectsCB/Content/dvizPlantsPack_02/Textures/2K/T_dvizTree_02_Stumps_06_BC.uasset" 501
"../../../../../UE4/UE4 Training/BloomeeProjectsCB/Content/dvizPlantsPack_02/Textures/2K/T_dvizTree_02_Stumps_06_N.uasset" 502
"../../../../../UE4/UE4 Training/BloomeeProjectsCB/Content/dvizPlantsPack_02/Materials/M_dvizStumps_16.uasset" 503
"../../../../../UE4/UE4 Training/BloomeeProjectsCB/Content/dvizPlantsPack_02/Materials/M_dvizStumps_16_Inst.uasset" 504
"../../../../../UE4/UE4 Training/BloomeeProjectsCB/Content/dvizPlantsPack_02/Geometry/SM_dvizTreePack_02_06_Low.uasset" 505
"../../../../../UE4/UE4 Training/BloomeeProjectsCB/Content/dvizPlantsPack_02/Materials/M_dvizTerrain_01.uasset" 506
"../../../../../UE4/UE4 Training/BloomeeProjectsCB/Content/dvizPlantsPack_02/Materials/M_dvizTerrain_01_Inst.uasset" 507
"../../../../../UE4/UE4 Training/BloomeeProjectsCB/Content/dvizPlantsPack_02/Geometry/Terrain_02.uasset" 508
"../../../../../UE4/UE4 Training/BloomeeProjectsCB/Content/CherryBlossoms/MainLevel.umap" 509
"../../../Engine/Content/Maps/Entry_BuiltData.uasset" 510
"../../../Engine/Content/Maps/Entry.umap" 511
